# JRE version: OpenJDK Runtime Environment Temurin-21.0.2+13 (21.0.2+13) (build 21.0.2+13-LTS)
# Java VM: OpenJDK 64-Bit Server VM Temurin-21.0.2+13 (21.0.2+13-LTS, mixed mode, emulated-client, tiered, compressed oops, compressed class ptrs, g1 gc, windows-amd64)
GC Precious Log:
 CardTable entry size: 512
 Card Set container configuration: InlinePtr #cards 4 size 8 Array Of Cards #cards 32 size 80 Howl #buckets 8 coarsen threshold 7372 Howl Bitmap #cards 1024 size 144 coarsen threshold 921 Card regions per heap region 1 cards per card region 8192
 CPUs: 6 total, 6 available
 Memory: 32713M
 Large Page Support: Disabled
 NUMA Support: Disabled
 Compressed Oops: Enabled (Zero based)
 Heap Region Size: 4M
 Heap Min Capacity: 8M
 Heap Initial Capacity: 512M
 Heap Max Capacity: 8180M
 Pre-touch: Disabled
 Parallel Workers: 6
 Concurrent Workers: 2
 Concurrent Refinement Workers: 6
 Periodic GC: Disabled
Heap:
 garbage-first heap   total 151552K, used 79700K [0x0000000600c00000, 0x0000000800000000)
  region size 4096K, 15 young (61440K), 4 survivors (16384K)
 Metaspace       used 91663K, committed 92416K, reserved 1179648K
  class space    used 12099K, committed 12416K, reserved 1048576K
GC Heap History (20 events):
Event: 1.784 GC heap before
{Heap before GC invocations=7 (full 0):
 garbage-first heap   total 294912K, used 89358K [0x0000000600c00000, 0x0000000800000000)
  region size 4096K, 23 young (94208K), 2 survivors (8192K)
 Metaspace       used 35625K, committed 35968K, reserved 1114112K
  class space    used 4185K, committed 4352K, reserved 1048576K
}
Event: 1.789 GC heap after
{Heap after GC invocations=8 (full 0):
 garbage-first heap   total 294912K, used 15651K [0x0000000600c00000, 0x0000000800000000)
  region size 4096K, 3 young (12288K), 3 survivors (12288K)
 Metaspace       used 35625K, committed 35968K, reserved 1114112K
  class space    used 4185K, committed 4352K, reserved 1048576K
}
Event: 2.027 GC heap before
{Heap before GC invocations=9 (full 0):
 garbage-first heap   total 81920K, used 52515K [0x0000000600c00000, 0x0000000800000000)
  region size 4096K, 12 young (49152K), 3 survivors (12288K)
 Metaspace       used 38557K, committed 39040K, reserved 1114112K
  class space    used 4631K, committed 4864K, reserved 1048576K
}
Event: 2.031 GC heap after
{Heap after GC invocations=10 (full 0):
 garbage-first heap   total 81920K, used 17619K [0x0000000600c00000, 0x0000000800000000)
  region size 4096K, 2 young (8192K), 2 survivors (8192K)
 Metaspace       used 38557K, committed 39040K, reserved 1114112K
  class space    used 4631K, committed 4864K, reserved 1048576K
}
Event: 2.276 GC heap before
{Heap before GC invocations=10 (full 0):
 garbage-first heap   total 81920K, used 58579K [0x0000000600c00000, 0x0000000800000000)
  region size 4096K, 12 young (49152K), 2 survivors (8192K)
 Metaspace       used 41692K, committed 42240K, reserved 1114112K
  class space    used 5047K, committed 5312K, reserved 1048576K
}
Event: 2.280 GC heap after
{Heap after GC invocations=11 (full 0):
 garbage-first heap   total 81920K, used 19204K [0x0000000600c00000, 0x0000000800000000)
  region size 4096K, 1 young (4096K), 1 survivors (4096K)
 Metaspace       used 41692K, committed 42240K, reserved 1114112K
  class space    used 5047K, committed 5312K, reserved 1048576K
}
Event: 2.491 GC heap before
{Heap before GC invocations=11 (full 0):
 garbage-first heap   total 81920K, used 64260K [0x0000000600c00000, 0x0000000800000000)
  region size 4096K, 12 young (49152K), 1 survivors (4096K)
 Metaspace       used 46454K, committed 46976K, reserved 1114112K
  class space    used 5573K, committed 5824K, reserved 1048576K
}
Event: 2.494 GC heap after
{Heap after GC invocations=12 (full 0):
 garbage-first heap   total 303104K, used 20322K [0x0000000600c00000, 0x0000000800000000)
  region size 4096K, 2 young (8192K), 2 survivors (8192K)
 Metaspace       used 46454K, committed 46976K, reserved 1114112K
  class space    used 5573K, committed 5824K, reserved 1048576K
}
Event: 3.238 GC heap before
{Heap before GC invocations=12 (full 0):
 garbage-first heap   total 303104K, used 159586K [0x0000000600c00000, 0x0000000800000000)
  region size 4096K, 37 young (151552K), 2 survivors (8192K)
 Metaspace       used 59515K, committed 60096K, reserved 1114112K
  class space    used 7480K, committed 7744K, reserved 1048576K
}
Event: 3.242 GC heap after
{Heap after GC invocations=13 (full 0):
 garbage-first heap   total 303104K, used 23296K [0x0000000600c00000, 0x0000000800000000)
  region size 4096K, 2 young (8192K), 2 survivors (8192K)
 Metaspace       used 59515K, committed 60096K, reserved 1114112K
  class space    used 7480K, committed 7744K, reserved 1048576K
}
Event: 3.517 GC heap before
{Heap before GC invocations=14 (full 0):
 garbage-first heap   total 98304K, used 72448K [0x0000000600c00000, 0x0000000800000000)
  region size 4096K, 14 young (57344K), 2 survivors (8192K)
 Metaspace       used 65089K, committed 65728K, reserved 1114112K
  class space    used 8430K, committed 8704K, reserved 1048576K
}
Event: 3.521 GC heap after
{Heap after GC invocations=15 (full 0):
 garbage-first heap   total 98304K, used 23956K [0x0000000600c00000, 0x0000000800000000)
  region size 4096K, 2 young (8192K), 2 survivors (8192K)
 Metaspace       used 65089K, committed 65728K, reserved 1114112K
  class space    used 8430K, committed 8704K, reserved 1048576K
}
Event: 3.811 GC heap before
{Heap before GC invocations=15 (full 0):
 garbage-first heap   total 98304K, used 73108K [0x0000000600c00000, 0x0000000800000000)
  region size 4096K, 14 young (57344K), 2 survivors (8192K)
 Metaspace       used 69002K, committed 69632K, reserved 1114112K
  class space    used 9068K, committed 9344K, reserved 1048576K
}
Event: 3.815 GC heap after
{Heap after GC invocations=16 (full 0):
 garbage-first heap   total 98304K, used 24668K [0x0000000600c00000, 0x0000000800000000)
  region size 4096K, 2 young (8192K), 2 survivors (8192K)
 Metaspace       used 69002K, committed 69632K, reserved 1114112K
  class space    used 9068K, committed 9344K, reserved 1048576K
}
Event: 4.121 GC heap before
{Heap before GC invocations=16 (full 0):
 garbage-first heap   total 98304K, used 73820K [0x0000000600c00000, 0x0000000800000000)
  region size 4096K, 14 young (57344K), 2 survivors (8192K)
 Metaspace       used 73675K, committed 74304K, reserved 1114112K
  class space    used 9671K, committed 9920K, reserved 1048576K
}
Event: 4.125 GC heap after
{Heap after GC invocations=17 (full 0):
 garbage-first heap   total 311296K, used 27379K [0x0000000600c00000, 0x0000000800000000)
  region size 4096K, 2 young (8192K), 2 survivors (8192K)
 Metaspace       used 73675K, committed 74304K, reserved 1114112K
  class space    used 9671K, committed 9920K, reserved 1048576K
}
Event: 30.696 GC heap before
{Heap before GC invocations=17 (full 0):
 garbage-first heap   total 311296K, used 203507K [0x0000000600c00000, 0x0000000800000000)
  region size 4096K, 45 young (184320K), 2 survivors (8192K)
 Metaspace       used 86778K, committed 87552K, reserved 1179648K
  class space    used 11469K, committed 11776K, reserved 1048576K
}
Event: 30.705 GC heap after
{Heap after GC invocations=18 (full 0):
 garbage-first heap   total 311296K, used 36372K [0x0000000600c00000, 0x0000000800000000)
  region size 4096K, 4 young (16384K), 4 survivors (16384K)
 Metaspace       used 86778K, committed 87552K, reserved 1179648K
  class space    used 11469K, committed 11776K, reserved 1048576K
}
Event: 201.982 GC heap before
{Heap before GC invocations=18 (full 0):
 garbage-first heap   total 311296K, used 73236K [0x0000000600c00000, 0x0000000800000000)
  region size 4096K, 15 young (61440K), 4 survivors (16384K)
 Metaspace       used 90609K, committed 91392K, reserved 1179648K
  class space    used 11935K, committed 12288K, reserved 1048576K
}
Event: 201.989 GC heap after
{Heap after GC invocations=19 (full 0):
 garbage-first heap   total 311296K, used 38740K [0x0000000600c00000, 0x0000000800000000)
  region size 4096K, 4 young (16384K), 4 survivors (16384K)
 Metaspace       used 90609K, committed 91392K, reserved 1179648K
  class space    used 11935K, committed 12288K, reserved 1048576K
}

